2026-04-06 15:10:32,293-INFO-Using device: cpu
2026-04-06 15:10:32,408-INFO-Model loaded and set to eval mode
2026-04-06 15:10:32,433-INFO-Graph loaded | edge_index shape: (2, 9866)
2026-04-06 15:10:32,449-INFO-Loaded mappings | signal-product entries: 123 | products: 41
2026-04-06 15:10:32,458-INFO-Metrics loaded
2026-04-06 15:10:32,539-INFO-Precomputed data loaded | values shape: (191, 41, 3) | preds shape: (35, 123)
2026-04-06 15:10:32,581-INFO-[Startup] Forecast cache built for 41 products
2026-04-06 15:47:19,026-INFO-Using device: cpu
2026-04-06 15:47:19,234-INFO-Model loaded and set to eval mode
2026-04-06 15:47:19,234-INFO-Graph loaded | edge_index shape: (2, 9866)
2026-04-06 15:47:19,244-INFO-Loaded mappings | signal-product entries: 123 | products: 41
2026-04-06 15:47:19,244-INFO-Metrics loaded
2026-04-06 15:47:19,262-INFO-Precomputed data loaded | values shape: (191, 41, 3) | preds shape: (35, 123)
2026-04-06 15:47:19,316-INFO-[Startup] Forecast cache built for 41 products
2026-04-06 15:48:40,289-INFO-Using device: cpu
2026-04-06 15:48:40,491-INFO-Model loaded and set to eval mode
2026-04-06 15:48:40,497-INFO-Graph loaded | edge_index shape: (2, 9866)
2026-04-06 15:48:40,502-INFO-Loaded mappings | signal-product entries: 123 | products: 41
2026-04-06 15:48:40,504-INFO-Metrics loaded
2026-04-06 15:48:40,515-INFO-Precomputed data loaded | values shape: (191, 41, 3) | preds shape: (35, 123)
2026-04-06 15:48:40,597-INFO-[Startup] Forecast cache built for 41 products
2026-04-06 15:49:58,399-INFO-Using device: cpu
2026-04-06 15:49:58,755-INFO-Model loaded and set to eval mode
2026-04-06 15:49:58,764-INFO-Graph loaded | edge_index shape: (2, 9866)
2026-04-06 15:49:58,764-INFO-Loaded mappings | signal-product entries: 123 | products: 41
2026-04-06 15:49:58,768-INFO-Metrics loaded
2026-04-06 15:49:58,777-INFO-Precomputed data loaded | values shape: (191, 41, 3) | preds shape: (35, 123)
2026-04-06 15:49:58,873-INFO-[Startup] Forecast cache built for 41 products
